------- FILE lo_scalatore.asm LEVEL 1 PASS 2
      1  1ae9 ????
      2  1ae9 ????
      3  1ae9 ????
      4  1ae9 ????
      5  1ae9 ????
      6  1ae9 ????
      7  1ae9 ????				      PROCESSOR	6502
      8  1ae9 ????
      9  1ae9 ????
     10  1ae9 ????
     11  1ae9 ????	       ff e4	   GETIN      =	$FFE4
     12  1ae9 ????	       e5 5f	   CLRSCN     =	$E55F
     13  1ae9 ????	       cb 1e	   PRNSTR     =	$CB1E
     14  1ae9 ????	       e5 81	   GOHOME     =	$E581
     15  1ae9 ????	       dd cd	   PRNINT     =	$DDCD
     16  1ae9 ????	       ff 9f	   SCNKEY     =	$FF9F
     17  1ae9 ????
     18  1ae9 ????
     19  1ae9 ????
     20  1ae9 ????	       00 d1	   CURSOR_PTR =	209
     21  1ae9 ????	       00 a2	   JIFFY_CLOCK =	162
     22  1ae9 ????	       02 86	   CRSRCOL    =	646
     23  1ae9 ????
     24  1ae9 ????
     25  1ae9 ????
     26  1ae9 ????	       00 00	   COLOR_BLACK =	0
     27  1ae9 ????	       00 01	   COLOR_WHITE =	1
     28  1ae9 ????	       00 02	   COLOR_RED  =	2
     29  1ae9 ????	       00 03	   COLOR_CYAN =	3
     30  1ae9 ????	       00 04	   COLOR_MAGENTA =	4
     31  1ae9 ????	       00 05	   COLOR_GREEN =	5
     32  1ae9 ????	       00 06	   COLOR_BLUE =	6
     33  1ae9 ????	       00 07	   COLOR_YELLOW =	7
     34  1ae9 ????
     35  1ae9 ????
     36  1ae9 ????
     37  1ae9 ????	       00 16	   SCREEN_COLS =	22
     38  1ae9 ????	       00 17	   SCREEN_ROWS =	23
     39  1ae9 ????	       1e 00	   VIDEO_RAM  =	7680
     40  1ae9 ????	       96 00	   COLOR_RAM  =	38400
     41  1ae9 ????	       00 78	   COLOR_PAGE_OFFSET =	((COLOR_RAM - VIDEO_RAM) / 256)
     42  1ae9 ????	       10 01	   BASIC_RAM  =	4097
     43  1ae9 ????	       90 04	   RASTER     =	$9004
     44  1ae9 ????	       80 00	   ROMCHAR    =	32768
     45  1ae9 ????
     46  1ae9 ????
     47  1ae9 ????
     48  1ae9 ????
     49  1ae9 ????
     50  1ae9 ????
     51  1ae9 ????
     52  1ae9 ????
     53  1ae9 ????
     54  1ae9 ????
     55  1ae9 ????
     56  1ae9 ????
     57  1ae9 ????
     58  1ae9 ????
     59  1ae9 ????
     60  1ae9 ????
     61  1ae9 ????
     62  1ae9 ????
     63  1ae9 ????
     64  1ae9 ????
     65  1ae9 ????
     66  1ae9 ????
     67  1ae9 ????
     68  1ae9 ????
     69  1ae9 ????
     70  1ae9 ????
     71  1ae9 ????
     72  1ae9 ????
     73  1ae9 ????
     74  1ae9 ????
     75  1ae9 ????
     76  1ae9 ????
     77  1ae9 ????
     78  1ae9 ????
     79  1ae9 ????
     80  1ae9 ????
     81  1ae9 ????
     82  1ae9 ????
     83  1ae9 ????
     84  1ae9 ????
     85  1ae9 ????
     86  1ae9 ????
     87  1ae9 ????
     88  1ae9 ????
     89  1ae9 ????
     90  1001					      ORG	BASIC_RAM
     91  1001
     92  1001
     93  1001		       47 10 00 00*BASIC_ROW_0 BYTE.b	[BASIC_ROW_1%256],[BASIC_ROW_1/256],[0%256],[0/256],153,34,147,34,58,151,53,49,44,49,57,50,58,151,53,50,44,50,57,58,151,53,53,44,49,57,50,58,151,53,54,44,50,57,58,151,51,54,56,54,57,44,50,53,53,58,151,51,54,56,55,56,44,49,53,58,151,51,54,56,55,57,44,50,53,0
     94  1047		       87 10 01 00*BASIC_ROW_1 BYTE.b	[BASIC_ROW_2%256],[BASIC_ROW_2/256],[1%256],[1/256],68,178,51,55,49,53,52,58,80,49,178,51,55,49,53,49,58,80,50,178,51,55,49,53,50,58,68,79,40,48,41,178,171,49,58,68,79,40,49,41,178,49,58,68,73,178,68,79,40,181,40,187,40,49,41,172,50,41,41,0
     95  1087		       b8 10 02 00*BASIC_ROW_2 BYTE.b	[BASIC_ROW_3%256],[BASIC_ROW_3/256],[2%256],[2/256],65,36,178,34,62,62,62,62,62,62,62,62,62,62,62,62,62,62,62,62,62,62,62,62,62,157,148,62,34,58,134,66,40,49,49,41,58,71,178,51,48,55,50,48,0
     96  10b8		       f7 10 03 00*BASIC_ROW_3 BYTE.b	[BASIC_ROW_4%256],[BASIC_ROW_4/256],[3%256],[3/256],83,67,178,49,58,67,72,178,50,58,69,49,178,48,58,68,40,48,41,178,52,58,68,40,49,41,178,50,58,68,40,52,41,178,55,58,90,178,53,55,58,69,51,178,49,58,81,178,49,48,48,48,48,58,74,178,53,54,0
     97  10f7		       15 11 0a 00*BASIC_ROW_4 BYTE.b	[BASIC_ROW_5%256],[BASIC_ROW_5/256],[10%256],[10/256],141,49,48,48,58,151,51,54,56,54,57,44,50,53,53,58,69,52,178,48,58,69,53,178,50,0
     98  1115		       25 11 0f 00*BASIC_ROW_5 BYTE.b	[BASIC_ROW_6%256],[BASIC_ROW_6/256],[15%256],[15/256],141,55,48,58,72,178,48,58,89,178,48,0
     99  1125		       52 11 10 00*BASIC_ROW_6 BYTE.b	[BASIC_ROW_7%256],[BASIC_ROW_7/256],[16%256],[16/256],83,178,56,49,52,51,170,181,40,187,40,49,41,172,50,48,41,58,139,194,40,83,170,50,50,41,178,54,50,176,194,40,83,41,178,53,57,167,49,54,0
    100  1152		       6a 11 11 00*BASIC_ROW_7 BYTE.b	[BASIC_ROW_8%256],[BASIC_ROW_8/256],[17%256],[17/256],84,178,194,40,83,41,58,151,83,44,53,56,58,151,83,170,71,44,48,0
    101  116a		       90 11 13 00*BASIC_ROW_8 BYTE.b	[BASIC_ROW_9%256],[BASIC_ROW_9/256],[19%256],[19/256],86,178,55,55,49,50,170,66,40,89,41,58,87,178,54,50,58,68,79,178,68,79,40,181,40,187,40,49,41,172,50,41,41,0
    102  1190		       b0 11 14 00*BASIC_ROW_9 BYTE.b	[BASIC_ROW_10%256],[BASIC_ROW_10/256],[20%256],[20/256],158,[[[READ_JOYSTICK%100000]-[READ_JOYSTICK%10000]]/10000+$30],[[[READ_JOYSTICK%10000]-[READ_JOYSTICK%1000]]/1000+$30],[[[READ_JOYSTICK%1000]-[READ_JOYSTICK%100]]/100+$30],[[[READ_JOYSTICK%100]-[READ_JOYSTICK%10]]/10+$30],[[[READ_JOYSTICK%10]-[READ_JOYSTICK%1]]/1+$30],58,145,194,40,49,41,137,51,53,44,50,54,44,50,56,44,51,49,44,51,51,0
    103  11b0		       c2 11 15 00*BASIC_ROW_10 BYTE.b	[BASIC_ROW_11%256],[BASIC_ROW_11/256],[21%256],[21/256],129,78,178,49,164,50,51,58,130,58,137,52,49,0
    104  11c2		       ed 11 1a 00*BASIC_ROW_11 BYTE.b	[BASIC_ROW_12%256],[BASIC_ROW_12/256],[26%256],[26/256],139,194,40,83,170,50,50,41,178,90,167,151,83,44,84,58,151,83,170,71,44,68,40,84,171,74,41,58,83,178,83,170,50,50,58,137,52,48,0
    105  11ed		       f5 11 1b 00*BASIC_ROW_12 BYTE.b	[BASIC_ROW_13%256],[BASIC_ROW_13/256],[27%256],[27/256],137,52,49,0
    106  11f5		       26 12 1c 00*BASIC_ROW_13 BYTE.b	[BASIC_ROW_14%256],[BASIC_ROW_14/256],[28%256],[28/256],68,73,178,171,49,58,139,194,40,83,170,50,49,41,179,54,50,167,151,83,44,84,58,151,83,170,71,44,68,40,84,171,74,41,58,83,178,83,171,49,58,137,52,48,0
    107  1226		       53 12 1d 00*BASIC_ROW_14 BYTE.b	[BASIC_ROW_15%256],[BASIC_ROW_15/256],[29%256],[29/256],139,84,179,177,90,167,151,83,44,84,58,151,83,170,71,44,68,40,84,171,74,41,58,83,178,83,170,68,73,58,84,178,194,40,83,41,58,137,53,53,0
    108  1253		       5b 12 1e 00*BASIC_ROW_15 BYTE.b	[BASIC_ROW_16%256],[BASIC_ROW_16/256],[30%256],[30/256],137,52,49,0
    109  125b		       80 12 1f 00*BASIC_ROW_16 BYTE.b	[BASIC_ROW_17%256],[BASIC_ROW_17/256],[31%256],[31/256],139,84,178,90,167,151,83,44,84,58,151,83,170,71,44,68,40,84,171,74,41,58,83,178,83,171,50,50,58,137,52,48,0
    110  1280		       88 12 20 00*BASIC_ROW_17 BYTE.b	[BASIC_ROW_18%256],[BASIC_ROW_18/256],[32%256],[32/256],137,52,49,0
    111  1288		       b8 12 21 00*BASIC_ROW_18 BYTE.b	[BASIC_ROW_19%256],[BASIC_ROW_19/256],[33%256],[33/256],68,73,178,49,58,139,194,40,83,170,50,51,41,179,54,50,167,151,83,44,84,58,151,83,170,71,44,68,40,84,171,74,41,58,83,178,83,170,49,58,137,52,48,0
    112  12b8		       c0 12 22 00*BASIC_ROW_19 BYTE.b	[BASIC_ROW_20%256],[BASIC_ROW_20/256],[34%256],[34/256],137,50,57,0
    113  12c0		       00 13 23 00*BASIC_ROW_20 BYTE.b	[BASIC_ROW_21%256],[BASIC_ROW_21/256],[35%256],[35/256],151,51,54,56,55,54,44,50,52,48,58,151,83,44,84,58,151,83,170,71,44,68,40,84,171,74,41,58,83,178,83,171,50,50,170,68,73,58,84,178,194,40,83,41,58,151,83,44,53,56,58,139,84,178,54,48,167,53,53,0
    114  1300		       20 13 24 00*BASIC_ROW_21 BYTE.b	[BASIC_ROW_22%256],[BASIC_ROW_22/256],[36%256],[36/256],139,194,40,83,170,50,50,41,178,54,48,167,83,83,178,83,83,170,49,48,48,48,58,141,50,48,48,0
    115  1320		       64 13 25 00*BASIC_ROW_22 BYTE.b	[BASIC_ROW_23%256],[BASIC_ROW_23/256],[37%256],[37/256],129,78,178,49,164,53,58,130,58,151,83,44,84,58,151,83,170,71,44,68,40,84,171,74,41,58,83,178,83,170,50,50,170,68,73,58,84,178,194,40,83,41,58,151,83,44,53,56,58,139,194,40,83,170,50,50,41,177,54,49,167,53,53,0
    116  1364		       7c 13 26 00*BASIC_ROW_23 BYTE.b	[BASIC_ROW_24%256],[BASIC_ROW_24/256],[38%256],[38/256],151,83,170,71,44,48,58,151,51,54,56,55,54,44,48,58,137,52,49,0
    117  137c		       a8 13 28 00*BASIC_ROW_24 BYTE.b	[BASIC_ROW_25%256],[BASIC_ROW_25/256],[40%256],[40/256],151,51,54,56,55,54,44,50,48,48,58,151,51,54,56,55,54,44,48,58,84,178,194,40,83,41,58,151,83,44,53,56,58,151,83,170,71,44,48,0
    118  13a8		       d5 13 29 00*BASIC_ROW_25 BYTE.b	[BASIC_ROW_26%256],[BASIC_ROW_26/256],[41%256],[41/256],139,84,178,54,49,167,83,83,178,83,83,170,49,53,48,58,141,50,48,48,58,72,178,72,170,49,58,84,178,54,50,58,139,72,178,49,54,167,54,52,0
    119  13d5		       e2 13 2a 00*BASIC_ROW_26 BYTE.b	[BASIC_ROW_27%256],[BASIC_ROW_27/256],[42%256],[42/256],139,84,178,54,48,167,53,53,0
    120  13e2		       ea 13 2b 00*BASIC_ROW_27 BYTE.b	[BASIC_ROW_28%256],[BASIC_ROW_28/256],[43%256],[43/256],141,57,56,0
    121  13ea		       1a 14 2d 00*BASIC_ROW_28 BYTE.b	[BASIC_ROW_29%256],[BASIC_ROW_29/256],[45%256],[45/256],151,86,44,87,58,151,86,170,71,44,68,40,87,171,74,41,58,86,178,86,170,68,79,58,87,178,194,40,86,41,58,151,86,44,54,48,58,151,86,170,71,44,55,0
    122  141a		       45 14 2e 00*BASIC_ROW_29 BYTE.b	[BASIC_ROW_30%256],[BASIC_ROW_30/256],[46%256],[46/256],139,68,79,178,50,50,175,194,40,86,170,50,50,41,178,53,54,167,68,79,178,68,79,40,181,40,187,40,49,41,172,50,41,41,58,137,52,56,0
    123  1445		       55 14 2f 00*BASIC_ROW_30 BYTE.b	[BASIC_ROW_31%256],[BASIC_ROW_31/256],[47%256],[47/256],139,87,178,54,51,167,68,79,178,50,50,0
    124  1455		       62 14 30 00*BASIC_ROW_31 BYTE.b	[BASIC_ROW_32%256],[BASIC_ROW_32/256],[48%256],[48/256],139,87,178,53,56,167,53,53,0
    125  1462		       71 14 31 00*BASIC_ROW_32 BYTE.b	[BASIC_ROW_33%256],[BASIC_ROW_33/256],[49%256],[49/256],139,86,179,56,49,54,52,167,50,48,0
    126  1471		       84 14 32 00*BASIC_ROW_33 BYTE.b	[BASIC_ROW_34%256],[BASIC_ROW_34/256],[50%256],[50/256],89,178,89,170,49,58,139,89,178,49,50,167,53,53,0
    127  1484		       92 14 33 00*BASIC_ROW_34 BYTE.b	[BASIC_ROW_35%256],[BASIC_ROW_35/256],[51%256],[51/256],151,86,44,54,50,58,137,49,57,0
    128  1492		       b0 14 37 00*BASIC_ROW_35 BYTE.b	[BASIC_ROW_36%256],[BASIC_ROW_36/256],[55%256],[55/256],151,51,54,56,55,54,44,48,58,83,79,178,50,53,48,58,139,84,178,54,48,167,84,178,87,0
    129  14b0		       fe 14 38 00*BASIC_ROW_36 BYTE.b	[BASIC_ROW_37%256],[BASIC_ROW_37/256],[56%256],[56/256],151,51,54,56,55,52,44,83,79,58,139,194,40,83,170,50,50,41,179,177,53,54,175,83,179,56,49,54,52,167,151,83,44,84,58,151,83,170,71,44,68,40,84,171,74,41,58,83,178,83,170,50,50,58,84,178,194,40,83,41,58,151,83,44,53,56,58,151,83,170,71,44,48,0
    130  14fe		       1f 15 39 00*BASIC_ROW_37 BYTE.b	[BASIC_ROW_38%256],[BASIC_ROW_38/256],[57%256],[57/256],129,78,178,49,164,49,55,58,130,58,83,79,178,83,79,171,53,58,139,83,79,177,49,53,48,167,53,54,0
    131  151f		       57 15 3a 00*BASIC_ROW_38 BYTE.b	[BASIC_ROW_39%256],[BASIC_ROW_39/256],[58%256],[58/256],151,51,54,56,55,52,44,48,58,67,72,178,67,72,171,49,58,139,67,72,178,171,49,167,151,68,44,50,53,53,58,151,51,54,56,54,57,44,50,52,48,58,153,34,147,144,34,83,83,58,128,0
    132  1557		       8e 15 3b 00*BASIC_ROW_39 BYTE.b	[BASIC_ROW_40%256],[BASIC_ROW_40/256],[59%256],[59/256],141,50,48,48,58,151,86,44,87,58,151,86,170,71,44,68,40,87,171,74,41,58,89,178,89,170,49,58,139,87,178,53,56,167,151,86,44,84,58,151,86,170,71,44,68,40,84,171,74,41,0
    133  158e		       9b 15 3c 00*BASIC_ROW_40 BYTE.b	[BASIC_ROW_41%256],[BASIC_ROW_41/256],[60%256],[60/256],139,89,177,49,48,167,49,53,0
    134  159b		       b0 15 3d 00*BASIC_ROW_41 BYTE.b	[BASIC_ROW_42%256],[BASIC_ROW_42/256],[61%256],[61/256],139,83,177,56,49,54,51,167,151,83,44,84,58,137,49,54,0
    135  15b0		       c5 15 3e 00*BASIC_ROW_42 BYTE.b	[BASIC_ROW_43%256],[BASIC_ROW_43/256],[62%256],[62/256],151,83,44,53,56,58,151,83,170,71,44,48,58,137,49,57,0
    136  15c5		       d2 15 40 00*BASIC_ROW_43 BYTE.b	[BASIC_ROW_44%256],[BASIC_ROW_44/256],[64%256],[64/256],139,89,178,49,49,167,54,55,0
    137  15d2		       01 16 41 00*BASIC_ROW_44 BYTE.b	[BASIC_ROW_45%256],[BASIC_ROW_45/256],[65%256],[65/256],129,78,178,89,170,49,164,49,49,58,151,55,55,49,50,170,66,40,78,41,44,54,50,58,83,83,178,83,83,170,49,48,48,58,141,50,48,48,58,141,57,56,0
    138  1601		       3a 16 42 00*BASIC_ROW_45 BYTE.b	[BASIC_ROW_46%256],[BASIC_ROW_46/256],[66%256],[66/256],151,51,54,56,55,55,44,50,53,48,58,129,77,178,50,52,48,164,50,53,48,58,151,51,54,56,55,54,44,77,58,130,58,151,51,54,56,55,54,44,48,58,151,51,54,56,55,55,44,48,58,130,0
    139  163a		       63 16 43 00*BASIC_ROW_46 BYTE.b	[BASIC_ROW_47%256],[BASIC_ROW_47/256],[67%256],[67/256],69,50,178,69,50,170,46,48,53,58,83,67,178,83,67,170,49,58,69,49,178,69,49,170,49,58,139,69,49,177,56,167,69,49,178,56,0
    140  1663		       6b 16 44 00*BASIC_ROW_47 BYTE.b	[BASIC_ROW_48%256],[BASIC_ROW_48/256],[68%256],[68/256],137,49,53,0
    141  166b		       73 16 45 00*BASIC_ROW_48 BYTE.b	[BASIC_ROW_49%256],[BASIC_ROW_49/256],[69%256],[69/256],137,54,57,0
    142  1673		       ae 16 46 00*BASIC_ROW_49 BYTE.b	[BASIC_ROW_50%256],[BASIC_ROW_50/256],[70%256],[70/256],153,34,147,156,34,59,58,129,78,178,49,164,50,49,58,153,65,36,58,130,58,153,65,36,34,19,34,58,66,36,178,34,62,56,56,56,56,56,56,56,56,56,56,56,56,56,56,56,56,56,56,56,56,34,0
    143  16ae		       fe 16 47 00*BASIC_ROW_50 BYTE.b	[BASIC_ROW_51%256],[BASIC_ROW_51/256],[71%256],[71/256],153,34,17,17,34,163,54,41,34,63,62,62,62,62,62,62,62,62,63,28,34,58,153,163,54,41,34,57,156,56,56,56,56,56,56,56,56,28,57,34,58,153,163,54,41,34,57,62,62,62,62,62,62,62,62,57,34,58,153,163,54,41,34,57,62,62,62,62,62,62,62,62,57,156,34,0
    144  16fe		       26 17 48 00*BASIC_ROW_51 BYTE.b	[BASIC_ROW_52%256],[BASIC_ROW_52/256],[72%256],[72/256],129,78,178,49,164,51,58,153,66,36,34,17,17,17,17,34,58,130,58,153,66,36,34,19,34,59,58,151,56,49,56,53,44,54,50,0
    145  1726		       4f 17 49 00*BASIC_ROW_52 BYTE.b	[BASIC_ROW_53%256],[BASIC_ROW_53/256],[73%256],[73/256],141,50,48,48,58,151,55,54,57,55,44,49,54,51,58,129,78,178,48,164,49,49,58,151,55,55,49,50,170,66,40,78,41,44,54,48,0
    146  174f		       80 17 4a 00*BASIC_ROW_53 BYTE.b	[BASIC_ROW_54%256],[BASIC_ROW_54/256],[74%256],[74/256],151,55,55,49,50,170,66,40,78,41,170,71,44,55,58,130,58,129,78,178,55,56,51,52,164,56,49,54,52,169,49,49,48,58,139,78,178,56,49,54,52,167,56,48,0
    147  1780		       8b 17 4b 00*BASIC_ROW_54 BYTE.b	[BASIC_ROW_55%256],[BASIC_ROW_55/256],[75%256],[75/256],129,79,178,49,164,51,0
    148  178b		       ad 17 4c 00*BASIC_ROW_55 BYTE.b	[BASIC_ROW_56%256],[BASIC_ROW_56/256],[76%256],[76/256],82,178,78,170,49,170,181,40,187,40,49,41,172,50,48,41,58,139,194,40,82,41,179,177,53,54,167,55,54,0
    149  17ad		       f1 17 4d 00*BASIC_ROW_56 BYTE.b	[BASIC_ROW_57%256],[BASIC_ROW_57/256],[77%256],[77/256],129,77,178,82,164,82,170,56,56,169,50,50,58,151,77,44,53,55,58,151,77,170,71,44,50,58,130,58,139,79,177,49,175,187,40,49,41,179,69,50,167,151,82,170,40,181,40,187,40,49,41,172,50,41,170,50,41,172,50,50,44,54,51,0
    150  17f1		       12 18 4e 00*BASIC_ROW_57 BYTE.b	[BASIC_ROW_58%256],[BASIC_ROW_58/256],[78%256],[78/256],139,187,40,49,41,179,46,53,175,194,40,82,171,50,50,41,178,54,50,167,151,82,171,50,50,44,54,51,0
    151  1812		       18 18 4f 00*BASIC_ROW_58 BYTE.b	[BASIC_ROW_59%256],[BASIC_ROW_59/256],[79%256],[79/256],130,0
    152  1818		       24 18 50 00*BASIC_ROW_59 BYTE.b	[BASIC_ROW_60%256],[BASIC_ROW_60/256],[80%256],[80/256],129,79,178,49,164,69,49,0
    153  1824		       66 18 51 00*BASIC_ROW_60 BYTE.b	[BASIC_ROW_61%256],[BASIC_ROW_61/256],[81%256],[81/256],82,178,78,170,51,170,181,40,187,40,49,41,172,49,54,41,58,139,194,40,82,41,179,177,53,54,176,194,40,82,171,50,50,41,179,177,54,50,176,194,40,82,170,49,41,178,54,50,176,194,40,82,171,49,41,178,54,50,167,56,53,0
    154  1866		       79 18 54 00*BASIC_ROW_61 BYTE.b	[BASIC_ROW_62%256],[BASIC_ROW_62/256],[84%256],[84/256],151,82,44,54,50,58,151,82,171,50,50,44,54,51,0
    155  1879		       7f 18 55 00*BASIC_ROW_62 BYTE.b	[BASIC_ROW_63%256],[BASIC_ROW_63/256],[85%256],[85/256],130,0
    156  187f		       8a 18 56 00*BASIC_ROW_63 BYTE.b	[BASIC_ROW_64%256],[BASIC_ROW_64/256],[86%256],[86/256],129,79,178,49,164,52,0
    157  188a		       b8 18 57 00*BASIC_ROW_64 BYTE.b	[BASIC_ROW_65%256],[BASIC_ROW_65/256],[87%256],[87/256],82,178,78,171,50,49,170,181,40,187,40,49,41,172,50,48,41,58,139,194,40,82,41,179,177,54,50,176,194,40,82,170,50,50,41,178,54,50,167,56,55,0
    158  18b8		       cd 18 58 00*BASIC_ROW_65 BYTE.b	[BASIC_ROW_66%256],[BASIC_ROW_66/256],[88%256],[88/256],151,82,44,54,49,58,151,82,170,71,44,48,58,130,58,130,0
    159  18cd		       f5 18 59 00*BASIC_ROW_66 BYTE.b	[BASIC_ROW_67%256],[BASIC_ROW_67/256],[89%256],[89/256],151,55,55,49,48,44,54,51,58,151,55,55,49,53,44,54,51,58,151,55,55,51,49,44,54,51,58,151,55,55,51,56,44,54,51,0
    160  18f5		       2d 19 5a 00*BASIC_ROW_67 BYTE.b	[BASIC_ROW_68%256],[BASIC_ROW_68/256],[90%256],[90/256],129,78,178,55,56,49,50,164,56,49,52,50,169,49,49,48,58,151,78,44,54,51,58,130,58,129,78,178,55,56,51,51,164,56,49,54,51,169,49,49,48,58,151,78,44,54,51,58,130,58,142,0
    161  192d		       4f 19 62 00*BASIC_ROW_68 BYTE.b	[BASIC_ROW_69%256],[BASIC_ROW_69/256],[98%256],[98/256],139,83,83,178,81,172,69,51,167,67,72,178,67,72,170,49,58,69,51,178,69,51,170,49,58,141,50,48,48,0
    162  194f		       55 19 63 00*BASIC_ROW_69 BYTE.b	[BASIC_ROW_70%256],[BASIC_ROW_70/256],[99%256],[99/256],142,0
    163  1955		       7b 19 64 00*BASIC_ROW_70 BYTE.b	[BASIC_ROW_71%256],[BASIC_ROW_71/256],[100%256],[100/256],131,44,49,44,50,49,44,50,50,44,50,51,44,50,52,44,52,50,44,52,51,44,52,52,44,52,53,44,52,54,44,52,55,0
    164  197b		       d1 19 65 00*BASIC_ROW_71 BYTE.b	[BASIC_ROW_72%256],[BASIC_ROW_72/256],[101%256],[101/256],131,50,53,53,44,50,53,53,44,49,53,51,44,49,48,50,44,49,48,50,44,49,53,51,44,50,53,53,44,50,53,53,44,49,57,53,44,50,53,53,44,50,53,53,44,49,57,53,44,49,57,53,44,50,53,53,44,50,53,53,44,49,57,53,44,54,48,44,54,48,44,50,53,44,50,53,53,44,49,56,56,0
    165  19d1		       27 1a 66 00*BASIC_ROW_72 BYTE.b	[BASIC_ROW_73%256],[BASIC_ROW_73/256],[102%256],[102/256],131,54,48,44,51,54,44,50,51,49,44,51,44,52,44,50,52,44,50,52,44,54,48,44,49,50,54,44,49,50,54,44,54,48,44,54,48,44,54,54,44,49,54,53,44,49,53,51,44,49,53,51,44,49,54,53,44,54,54,44,54,48,44,44,50,52,44,51,54,44,49,50,54,44,49,50,54,44,49,50,54,0
    166  1a27		       41 1a 67 00*BASIC_ROW_73 BYTE.b	[BASIC_ROW_74%256],[BASIC_ROW_74/256],[103%256],[103/256],131,49,50,54,44,44,44,44,44,44,44,44,44,44,44,44,44,44,44,44,44,0
    167  1a41		       6c 1a 6d 00*BASIC_ROW_74 BYTE.b	[BASIC_ROW_75%256],[BASIC_ROW_75/256],[109%256],[109/256],129,78,178,48,164,49,49,58,135,66,40,78,41,58,130,58,129,78,178,55,54,49,54,164,55,54,55,57,58,135,77,58,151,78,44,77,58,130,0
    168  1a6c		       72 1a 6e 00*BASIC_ROW_75 BYTE.b	[BASIC_ROW_76%256],[BASIC_ROW_76/256],[110%256],[110/256],142,0
    169  1a72		       99 1a c8 00*BASIC_ROW_76 BYTE.b	[BASIC_ROW_77%256],[BASIC_ROW_77/256],[200%256],[200/256],153,32,34,19,18,34,163,56,171,195,40,196,40,83,83,41,41,41,83,83,59,163,49,52,41,67,72,59,163,49,55,41,83,67,0
    170  1a99		       9f 1a c9 00*BASIC_ROW_77 BYTE.b	[BASIC_ROW_78%256],[BASIC_ROW_78/256],[201%256],[201/256],142,0
    171  1a9f		       00 00	   BASIC_ROW_78 BYTE.b	0,0
    172  1aa1
    173  1aa1
    174  1aa1
    175  1aa1
    176  1aa1
    177  1aa1
    178  1aa1
    179  1aa1
    180  1aa1
    181  1aa1
    182  1aa1				   LMCODE
    183  1aa1
    184  1aa1				   READ_JOYSTICK
    185  1aa1		       a9 00		      LDA	#$00
    186  1aa3		       85 01		      STA	$01
    187  1aa5		       a9 ff		      LDA	#$FF
    188  1aa7		       8d 22 91 	      STA	$9122
    189  1aaa		       a9 20		      LDA	#$20
    190  1aac		       2c 1f 91 	      BIT	$911F
    191  1aaf		       d0 05		      BNE	JOY_DOWN
    192  1ab1		       a9 01		      LDA	#$01
    193  1ab3		       85 01		      STA	$01
    194  1ab5		       60		      RTS
    195  1ab6
    196  1ab6				   JOY_DOWN
    197  1ab6		       a9 08		      LDA	#$08
    198  1ab8		       2c 1f 91 	      BIT	$911F
    199  1abb		       d0 05		      BNE	JOY_LEFT
    200  1abd		       a9 02		      LDA	#$02
    201  1abf		       85 01		      STA	$01
    202  1ac1		       60		      RTS
    203  1ac2
    204  1ac2				   JOY_LEFT
    205  1ac2		       a9 10		      LDA	#$10
    206  1ac4		       2c 1f 91 	      BIT	$911F
    207  1ac7		       d0 05		      BNE	JOY_UP
    208  1ac9		       a9 03		      LDA	#$03
    209  1acb		       85 01		      STA	$01
    210  1acd		       60		      RTS
    211  1ace
    212  1ace				   JOY_UP
    213  1ace		       a9 04		      LDA	#$04
    214  1ad0		       2c 1f 91 	      BIT	$911F
    215  1ad3		       d0 03		      BNE	JOY_RIGHT
    216  1ad5		       85 01		      STA	$01
    217  1ad7		       60		      RTS
    218  1ad8
    219  1ad8				   JOY_RIGHT
    220  1ad8		       a9 7f		      LDA	#$7F
    221  1ada		       8d 22 91 	      STA	$9122
    222  1add		       a9 80		      LDA	#$80
    223  1adf		       2c 20 91 	      BIT	$9120
    224  1ae2		       d0 04		      BNE	JOY_NOTHING
    225  1ae4		       a9 05		      LDA	#$05
    226  1ae6		       85 01		      STA	$01
    227  1ae8				   JOY_NOTHING
    228  1ae8		       60		      RTS
    229  1ae9
    230  1ae9
